<?xml version="1.0" encoding="UTF-8" ?>
<testsuite tests="1" failures="1" name="com.basics.backstagetest.serviceTest.SysUserMapperTest" time="0.28" errors="0" skipped="0">
  <properties>
[...]
</properties>
  <testcase classname="com.basics.backstagetest.serviceTest.SysUserMapperTest" name="testInsert" time="0.28">
    <failure message="expected:&lt;3&gt; but was:&lt;6&gt;" type="java.lang.AssertionError">java.lang.AssertionError: expected:&lt;3&gt; but was:&lt;6&gt;
	at org.junit.Assert.fail(Assert.java:88)
	at org.junit.Assert.failNotEquals(Assert.java:834)
	at org.junit.Assert.assertEquals(Assert.java:645)
	at org.junit.Assert.assertEquals(Assert.java:631)
	at com.basics.backstagetest.serviceTest.SysUserMapperTest.testInsert(SysUserMapperTest.java:32)
	at sun.reflect.NativeMethodAccessorImpl.invoke0(Native Method)
	at sun.reflect.NativeMethodAccessorImpl.invoke(NativeMethodAccessorImpl.java:62)
	at sun.reflect.DelegatingMethodAccessorImpl.invoke(DelegatingMethodAccessorImpl.java:43)
	at java.lang.reflect.Method.invoke(Method.java:498)
	at org.junit.runners.model.FrameworkMethod$1.runReflectiveCall(FrameworkMethod.java:50)
	at org.junit.internal.runners.model.ReflectiveCallable.run(ReflectiveCallable.java:12)
	at org.junit.runners.model.FrameworkMethod.invokeExplosively(FrameworkMethod.java:47)
	at org.junit.internal.runners.statements.InvokeMethod.evaluate(InvokeMethod.java:17)
	at org.springframework.test.context.junit4.statements.RunBeforeTestExecutionCallbacks.evaluate(RunBeforeTestExecutionCallbacks.java:73)
	at org.springframework.test.context.junit4.statements.RunAfterTestExecutionCallbacks.evaluate(RunAfterTestExecutionCallbacks.java:83)
	at org.springframework.test.context.junit4.statements.RunBeforeTestMethodCallbacks.evaluate(RunBeforeTestMethodCallbacks.java:75)
	at org.springframework.test.context.junit4.statements.RunAfterTestMethodCallbacks.evaluate(RunAfterTestMethodCallbacks.java:86)
	at org.springframework.test.context.junit4.statements.SpringRepeat.evaluate(SpringRepeat.java:84)
	at org.junit.runners.ParentRunner.runLeaf(ParentRunner.java:325)
	at org.springframework.test.context.junit4.SpringJUnit4ClassRunner.runChild(SpringJUnit4ClassRunner.java:251)
	at org.springframework.test.context.junit4.SpringJUnit4ClassRunner.runChild(SpringJUnit4ClassRunner.java:97)
	at org.junit.runners.ParentRunner$3.run(ParentRunner.java:290)
	at org.junit.runners.ParentRunner$1.schedule(ParentRunner.java:71)
	at org.junit.runners.ParentRunner.runChildren(ParentRunner.java:288)
	at org.junit.runners.ParentRunner.access$000(ParentRunner.java:58)
	at org.junit.runners.ParentRunner$2.evaluate(ParentRunner.java:268)
	at org.springframework.test.context.junit4.statements.RunBeforeTestClassCallbacks.evaluate(RunBeforeTestClassCallbacks.java:61)
	at org.springframework.test.context.junit4.statements.RunAfterTestClassCallbacks.evaluate(RunAfterTestClassCallbacks.java:70)
	at org.junit.runners.ParentRunner.run(ParentRunner.java:363)
	at org.springframework.test.context.junit4.SpringJUnit4ClassRunner.run(SpringJUnit4ClassRunner.java:190)
	at org.apache.maven.surefire.junit4.JUnit4Provider.execute(JUnit4Provider.java:252)
	at org.apache.maven.surefire.junit4.JUnit4Provider.executeTestSet(JUnit4Provider.java:141)
	at org.apache.maven.surefire.junit4.JUnit4Provider.invoke(JUnit4Provider.java:112)
	at sun.reflect.NativeMethodAccessorImpl.invoke0(Native Method)
	at sun.reflect.NativeMethodAccessorImpl.invoke(NativeMethodAccessorImpl.java:62)
	at sun.reflect.DelegatingMethodAccessorImpl.invoke(DelegatingMethodAccessorImpl.java:43)
	at java.lang.reflect.Method.invoke(Method.java:498)
	at org.apache.maven.surefire.util.ReflectionUtils.invokeMethodWithArray(ReflectionUtils.java:189)
	at org.apache.maven.surefire.booter.ProviderFactory$ProviderProxy.invoke(ProviderFactory.java:165)
	at org.apache.maven.surefire.booter.ProviderFactory.invokeProvider(ProviderFactory.java:85)
	at org.apache.maven.surefire.booter.ForkedBooter.runSuitesInProcess(ForkedBooter.java:115)
	at org.apache.maven.surefire.booter.ForkedBooter.main(ForkedBooter.java:75)
</failure>
    <system-out>13:02:16.427 [main] DEBUG org.springframework.test.context.junit4.SpringJUnit4ClassRunner - SpringJUnit4ClassRunner constructor called with [class com.basics.backstagetest.serviceTest.SysUserMapperTest]
13:02:16.432 [main] DEBUG org.springframework.test.context.BootstrapUtils - Instantiating CacheAwareContextLoaderDelegate from class [org.springframework.test.context.cache.DefaultCacheAwareContextLoaderDelegate]
13:02:16.437 [main] DEBUG org.springframework.test.context.BootstrapUtils - Instantiating BootstrapContext using constructor [public org.springframework.test.context.support.DefaultBootstrapContext(java.lang.Class,org.springframework.test.context.CacheAwareContextLoaderDelegate)]
13:02:16.449 [main] DEBUG org.springframework.test.context.BootstrapUtils - Instantiating TestContextBootstrapper for test class [com.basics.backstagetest.serviceTest.SysUserMapperTest] from class [org.springframework.boot.test.context.SpringBootTestContextBootstrapper]
13:02:16.457 [main] INFO org.springframework.boot.test.context.SpringBootTestContextBootstrapper - Neither @ContextConfiguration nor @ContextHierarchy found for test class [com.basics.backstagetest.serviceTest.SysUserMapperTest], using SpringBootContextLoader
13:02:16.460 [main] DEBUG org.springframework.test.context.support.AbstractContextLoader - Did not detect default resource location for test class [com.basics.backstagetest.serviceTest.SysUserMapperTest]: class path resource [com/basics/backstagetest/serviceTest/SysUserMapperTest-context.xml] does not exist
13:02:16.460 [main] DEBUG org.springframework.test.context.support.AbstractContextLoader - Did not detect default resource location for test class [com.basics.backstagetest.serviceTest.SysUserMapperTest]: class path resource [com/basics/backstagetest/serviceTest/SysUserMapperTestContext.groovy] does not exist
13:02:16.460 [main] INFO org.springframework.test.context.support.AbstractContextLoader - Could not detect default resource locations for test class [com.basics.backstagetest.serviceTest.SysUserMapperTest]: no resource found for suffixes {-context.xml, Context.groovy}.
13:02:16.461 [main] INFO org.springframework.test.context.support.AnnotationConfigContextLoaderUtils - Could not detect default configuration classes for test class [com.basics.backstagetest.serviceTest.SysUserMapperTest]: SysUserMapperTest does not declare any static, non-private, non-final, nested classes annotated with @Configuration.
13:02:16.487 [main] DEBUG org.springframework.test.context.support.ActiveProfilesUtils - Could not find an &apos;annotation declaring class&apos; for annotation type [org.springframework.test.context.ActiveProfiles] and class [com.basics.backstagetest.serviceTest.SysUserMapperTest]
13:02:16.493 [main] DEBUG org.springframework.core.env.StandardEnvironment - Adding PropertySource &apos;systemProperties&apos; with lowest search precedence
13:02:16.493 [main] DEBUG org.springframework.core.env.StandardEnvironment - Adding PropertySource &apos;systemEnvironment&apos; with lowest search precedence
13:02:16.493 [main] DEBUG org.springframework.core.env.StandardEnvironment - Initialized StandardEnvironment with PropertySources [MapPropertySource@233996206 {name=&apos;systemProperties&apos;, properties={idea.version=2018.1, java.runtime.name=Java(TM) SE Runtime Environment, sun.boot.library.path=C:\Program Files (x86)\Java\jdk1.8.0_202\jre\bin, java.vm.version=25.202-b08, java.vm.vendor=Oracle Corporation, java.vendor.url=http://java.oracle.com/, path.separator=;, java.vm.name=Java HotSpot(TM) 64-Bit Server VM, file.encoding.pkg=sun.io, user.country=CN, user.script=, sun.java.launcher=SUN_STANDARD, sun.os.patch.level=, java.vm.specification.name=Java Virtual Machine Specification, user.dir=D:\Study\basics\pluginunitbackstage, java.runtime.version=1.8.0_202-b08, basedir=D:\Study\basics\pluginunitbackstage, java.awt.graphicsenv=sun.awt.Win32GraphicsEnvironment, java.endorsed.dirs=C:\Program Files (x86)\Java\jdk1.8.0_202\jre\lib\endorsed, os.arch=amd64, surefire.real.class.path=D:\Study\basics\pluginunitbackstage\target\surefire\surefirebooter8037866096173850463.jar, java.io.tmpdir=C:\Users\ADMINI~1\AppData\Local\Temp\, line.separator=
, java.vm.specification.vendor=Oracle Corporation, user.variant=, os.name=Windows 10, sun.jnu.encoding=GBK, java.library.path=C:\Program Files (x86)\Java\jdk1.8.0_202\jre\bin;C:\WINDOWS\Sun\Java\bin;C:\WINDOWS\system32;C:\WINDOWS;C:\Program Files (x86)\Common Files\Oracle\Java\javapath;C:\Windows\system32;C:\Windows;C:\Windows\System32\Wbem;C:\Windows\System32\WindowsPowerShell\v1.0\;C:\Program Files\NVIDIA Corporation\NVIDIA NGX;C:\Program Files (x86)\NVIDIA Corporation\PhysX\Common;C:\Program Files\OpenVPN\bin;C:\Program Files\NVIDIA Corporation\NVIDIA NvDLISR;C:\WINDOWS\system32;C:\WINDOWS;C:\WINDOWS\System32\Wbem;C:\WINDOWS\System32\WindowsPowerShell\v1.0\;C:\WINDOWS\System32\OpenSSH\;C:\Program Files\TortoiseGit\bin;C:\Program Files\Git\cmd;C:\Program Files (x86)\Java\apache-maven-3.6.0\bin;C:\Program Files\MySQL\MySQL Utilities 1.6\;C:\Users\Administrator\AppData\Local\Microsoft\WindowsApps;;., surefire.test.class.path=D:\Study\basics\pluginunitbackstage\target\test-classes;D:\Study\basics\pluginunitbackstage\target\classes;D:\tool\repository\org\springframework\boot\spring-boot-devtools\2.0.0.RELEASE\spring-boot-devtools-2.0.0.RELEASE.jar;D:\tool\repository\org\springframework\boot\spring-boot\2.0.0.RELEASE\spring-boot-2.0.0.RELEASE.jar;D:\tool\repository\org\springframework\spring-context\5.0.4.RELEASE\spring-context-5.0.4.RELEASE.jar;D:\tool\repository\org\springframework\boot\spring-boot-autoconfigure\2.0.0.RELEASE\spring-boot-autoconfigure-2.0.0.RELEASE.jar;D:\tool\repository\org\springframework\boot\spring-boot-starter-security\2.0.0.RELEASE\spring-boot-starter-security-2.0.0.RELEASE.jar;D:\tool\repository\org\springframework\boot\spring-boot-starter\2.0.0.RELEASE\spring-boot-starter-2.0.0.RELEASE.jar;D:\tool\repository\org\springframework\boot\spring-boot-starter-logging\2.0.0.RELEASE\spring-boot-starter-logging-2.0.0.RELEASE.jar;D:\tool\repository\ch\qos\logback\logback-classic\1.2.3\logback-classic-1.2.3.jar;D:\tool\repository\ch\qos\logback\logback-core\1.2.3\logback-core-1.2.3.jar;D:\tool\repository\org\apache\logging\log4j\log4j-to-slf4j\2.10.0\log4j-to-slf4j-2.10.0.jar;D:\tool\repository\org\apache\logging\log4j\log4j-api\2.10.0\log4j-api-2.10.0.jar;D:\tool\repository\org\slf4j\jul-to-slf4j\1.7.25\jul-to-slf4j-1.7.25.jar;D:\tool\repository\javax\annotation\javax.annotation-api\1.3.2\javax.annotation-api-1.3.2.jar;D:\tool\repository\org\yaml\snakeyaml\1.19\snakeyaml-1.19.jar;D:\tool\repository\org\springframework\spring-aop\5.0.4.RELEASE\spring-aop-5.0.4.RELEASE.jar;D:\tool\repository\org\springframework\spring-beans\5.0.4.RELEASE\spring-beans-5.0.4.RELEASE.jar;D:\tool\repository\org\springframework\security\spring-security-config\5.0.3.RELEASE\spring-security-config-5.0.3.RELEASE.jar;D:\tool\repository\org\springframework\security\spring-security-core\5.0.3.RELEASE\spring-security-core-5.0.3.RELEASE.jar;D:\tool\repository\org\springframework\security\spring-security-web\5.0.3.RELEASE\spring-security-web-5.0.3.RELEASE.jar;D:\tool\repository\org\springframework\spring-expression\5.0.4.RELEASE\spring-expression-5.0.4.RELEASE.jar;D:\tool\repository\org\springframework\spring-web\5.0.4.RELEASE\spring-web-5.0.4.RELEASE.jar;D:\tool\repository\org\springframework\boot\spring-boot-starter-test\2.0.0.RELEASE\spring-boot-starter-test-2.0.0.RELEASE.jar;D:\tool\repository\org\springframework\boot\spring-boot-test\2.0.0.RELEASE\spring-boot-test-2.0.0.RELEASE.jar;D:\tool\repository\org\springframework\boot\spring-boot-test-autoconfigure\2.0.0.RELEASE\spring-boot-test-autoconfigure-2.0.0.RELEASE.jar;D:\tool\repository\com\jayway\jsonpath\json-path\2.4.0\json-path-2.4.0.jar;D:\tool\repository\net\minidev\json-smart\2.3\json-smart-2.3.jar;D:\tool\repository\net\minidev\accessors-smart\1.2\accessors-smart-1.2.jar;D:\tool\repository\org\ow2\asm\asm\5.0.4\asm-5.0.4.jar;D:\tool\repository\org\slf4j\slf4j-api\1.7.25\slf4j-api-1.7.25.jar;D:\tool\repository\junit\junit\4.12\junit-4.12.jar;D:\tool\repository\org\assertj\assertj-core\3.9.1\assertj-core-3.9.1.jar;D:\tool\repository\org\mockito\mockito-core\2.15.0\mockito-core-2.15.0.jar;D:\tool\repository\net\bytebuddy\byte-buddy\1.7.9\byte-buddy-1.7.9.jar;D:\tool\repository\net\bytebuddy\byte-buddy-agent\1.7.9\byte-buddy-agent-1.7.9.jar;D:\tool\repository\org\objenesis\objenesis\2.6\objenesis-2.6.jar;D:\tool\repository\org\hamcrest\hamcrest-core\1.3\hamcrest-core-1.3.jar;D:\tool\repository\org\hamcrest\hamcrest-library\1.3\hamcrest-library-1.3.jar;D:\tool\repository\org\skyscreamer\jsonassert\1.5.0\jsonassert-1.5.0.jar;D:\tool\repository\com\vaadin\external\google\android-json\0.0.20131108.vaadin1\android-json-0.0.20131108.vaadin1.jar;D:\tool\repository\org\springframework\spring-core\5.0.4.RELEASE\spring-core-5.0.4.RELEASE.jar;D:\tool\repository\org\springframework\spring-jcl\5.0.4.RELEASE\spring-jcl-5.0.4.RELEASE.jar;D:\tool\repository\org\springframework\spring-test\5.0.4.RELEASE\spring-test-5.0.4.RELEASE.jar;D:\tool\repository\org\xmlunit\xmlunit-core\2.5.1\xmlunit-core-2.5.1.jar;D:\tool\repository\org\mybatis\spring\boot\mybatis-spring-boot-starter\2.0.0\mybatis-spring-boot-starter-2.0.0.jar;D:\tool\repository\org\springframework\boot\spring-boot-starter-jdbc\2.0.8.RELEASE\spring-boot-starter-jdbc-2.0.8.RELEASE.jar;D:\tool\repository\com\zaxxer\HikariCP\2.7.9\HikariCP-2.7.9.jar;D:\tool\repository\org\springframework\spring-jdbc\5.0.12.RELEASE\spring-jdbc-5.0.12.RELEASE.jar;D:\tool\repository\org\springframework\spring-tx\5.0.12.RELEASE\spring-tx-5.0.12.RELEASE.jar;D:\tool\repository\org\mybatis\spring\boot\mybatis-spring-boot-autoconfigure\2.0.0\mybatis-spring-boot-autoconfigure-2.0.0.jar;D:\tool\repository\org\mybatis\mybatis\3.5.0\mybatis-3.5.0.jar;D:\tool\repository\org\mybatis\mybatis-spring\2.0.0\mybatis-spring-2.0.0.jar;D:\tool\repository\mysql\mysql-connector-java\5.1.6\mysql-connector-java-5.1.6.jar;, java.specification.name=Java Platform API Specification, java.class.version=52.0, sun.management.compiler=HotSpot 64-Bit Tiered Compilers, maven.repo.local=D:\tool\repository, os.version=10.0, user.home=C:\Users\Administrator, user.timezone=Asia/Shanghai, java.awt.printerjob=sun.awt.windows.WPrinterJob, file.encoding=GBK, java.specification.version=1.8, java.class.path=D:\Study\basics\pluginunitbackstage\target\test-classes;D:\Study\basics\pluginunitbackstage\target\classes;D:\tool\repository\org\springframework\boot\spring-boot-devtools\2.0.0.RELEASE\spring-boot-devtools-2.0.0.RELEASE.jar;D:\tool\repository\org\springframework\boot\spring-boot\2.0.0.RELEASE\spring-boot-2.0.0.RELEASE.jar;D:\tool\repository\org\springframework\spring-context\5.0.4.RELEASE\spring-context-5.0.4.RELEASE.jar;D:\tool\repository\org\springframework\boot\spring-boot-autoconfigure\2.0.0.RELEASE\spring-boot-autoconfigure-2.0.0.RELEASE.jar;D:\tool\repository\org\springframework\boot\spring-boot-starter-security\2.0.0.RELEASE\spring-boot-starter-security-2.0.0.RELEASE.jar;D:\tool\repository\org\springframework\boot\spring-boot-starter\2.0.0.RELEASE\spring-boot-starter-2.0.0.RELEASE.jar;D:\tool\repository\org\springframework\boot\spring-boot-starter-logging\2.0.0.RELEASE\spring-boot-starter-logging-2.0.0.RELEASE.jar;D:\tool\repository\ch\qos\logback\logback-classic\1.2.3\logback-classic-1.2.3.jar;D:\tool\repository\ch\qos\logback\logback-core\1.2.3\logback-core-1.2.3.jar;D:\tool\repository\org\apache\logging\log4j\log4j-to-slf4j\2.10.0\log4j-to-slf4j-2.10.0.jar;D:\tool\repository\org\apache\logging\log4j\log4j-api\2.10.0\log4j-api-2.10.0.jar;D:\tool\repository\org\slf4j\jul-to-slf4j\1.7.25\jul-to-slf4j-1.7.25.jar;D:\tool\repository\javax\annotation\javax.annotation-api\1.3.2\javax.annotation-api-1.3.2.jar;D:\tool\repository\org\yaml\snakeyaml\1.19\snakeyaml-1.19.jar;D:\tool\repository\org\springframework\spring-aop\5.0.4.RELEASE\spring-aop-5.0.4.RELEASE.jar;D:\tool\repository\org\springframework\spring-beans\5.0.4.RELEASE\spring-beans-5.0.4.RELEASE.jar;D:\tool\repository\org\springframework\security\spring-security-config\5.0.3.RELEASE\spring-security-config-5.0.3.RELEASE.jar;D:\tool\repository\org\springframework\security\spring-security-core\5.0.3.RELEASE\spring-security-core-5.0.3.RELEASE.jar;D:\tool\repository\org\springframework\security\spring-security-web\5.0.3.RELEASE\spring-security-web-5.0.3.RELEASE.jar;D:\tool\repository\org\springframework\spring-expression\5.0.4.RELEASE\spring-expression-5.0.4.RELEASE.jar;D:\tool\repository\org\springframework\spring-web\5.0.4.RELEASE\spring-web-5.0.4.RELEASE.jar;D:\tool\repository\org\springframework\boot\spring-boot-starter-test\2.0.0.RELEASE\spring-boot-starter-test-2.0.0.RELEASE.jar;D:\tool\repository\org\springframework\boot\spring-boot-test\2.0.0.RELEASE\spring-boot-test-2.0.0.RELEASE.jar;D:\tool\repository\org\springframework\boot\spring-boot-test-autoconfigure\2.0.0.RELEASE\spring-boot-test-autoconfigure-2.0.0.RELEASE.jar;D:\tool\repository\com\jayway\jsonpath\json-path\2.4.0\json-path-2.4.0.jar;D:\tool\repository\net\minidev\json-smart\2.3\json-smart-2.3.jar;D:\tool\repository\net\minidev\accessors-smart\1.2\accessors-smart-1.2.jar;D:\tool\repository\org\ow2\asm\asm\5.0.4\asm-5.0.4.jar;D:\tool\repository\org\slf4j\slf4j-api\1.7.25\slf4j-api-1.7.25.jar;D:\tool\repository\junit\junit\4.12\junit-4.12.jar;D:\tool\repository\org\assertj\assertj-core\3.9.1\assertj-core-3.9.1.jar;D:\tool\repository\org\mockito\mockito-core\2.15.0\mockito-core-2.15.0.jar;D:\tool\repository\net\bytebuddy\byte-buddy\1.7.9\byte-buddy-1.7.9.jar;D:\tool\repository\net\bytebuddy\byte-buddy-agent\1.7.9\byte-buddy-agent-1.7.9.jar;D:\tool\repository\org\objenesis\objenesis\2.6\objenesis-2.6.jar;D:\tool\repository\org\hamcrest\hamcrest-core\1.3\hamcrest-core-1.3.jar;D:\tool\repository\org\hamcrest\hamcrest-library\1.3\hamcrest-library-1.3.jar;D:\tool\repository\org\skyscreamer\jsonassert\1.5.0\jsonassert-1.5.0.jar;D:\tool\repository\com\vaadin\external\google\android-json\0.0.20131108.vaadin1\android-json-0.0.20131108.vaadin1.jar;D:\tool\repository\org\springframework\spring-core\5.0.4.RELEASE\spring-core-5.0.4.RELEASE.jar;D:\tool\repository\org\springframework\spring-jcl\5.0.4.RELEASE\spring-jcl-5.0.4.RELEASE.jar;D:\tool\repository\org\springframework\spring-test\5.0.4.RELEASE\spring-test-5.0.4.RELEASE.jar;D:\tool\repository\org\xmlunit\xmlunit-core\2.5.1\xmlunit-core-2.5.1.jar;D:\tool\repository\org\mybatis\spring\boot\mybatis-spring-boot-starter\2.0.0\mybatis-spring-boot-starter-2.0.0.jar;D:\tool\repository\org\springframework\boot\spring-boot-starter-jdbc\2.0.8.RELEASE\spring-boot-starter-jdbc-2.0.8.RELEASE.jar;D:\tool\repository\com\zaxxer\HikariCP\2.7.9\HikariCP-2.7.9.jar;D:\tool\repository\org\springframework\spring-jdbc\5.0.12.RELEASE\spring-jdbc-5.0.12.RELEASE.jar;D:\tool\repository\org\springframework\spring-tx\5.0.12.RELEASE\spring-tx-5.0.12.RELEASE.jar;D:\tool\repository\org\mybatis\spring\boot\mybatis-spring-boot-autoconfigure\2.0.0\mybatis-spring-boot-autoconfigure-2.0.0.jar;D:\tool\repository\org\mybatis\mybatis\3.5.0\mybatis-3.5.0.jar;D:\tool\repository\org\mybatis\mybatis-spring\2.0.0\mybatis-spring-2.0.0.jar;D:\tool\repository\mysql\mysql-connector-java\5.1.6\mysql-connector-java-5.1.6.jar;, user.name=Administrator, java.vm.specification.version=1.8, sun.java.command=D:\Study\basics\pluginunitbackstage\target\surefire\surefirebooter8037866096173850463.jar D:\Study\basics\pluginunitbackstage\target\surefire\surefire9106947771531256838tmp D:\Study\basics\pluginunitbackstage\target\surefire\surefire_06269227761953368307tmp, java.home=C:\Program Files (x86)\Java\jdk1.8.0_202\jre, sun.arch.data.model=64, user.language=zh, java.specification.vendor=Oracle Corporation, awt.toolkit=sun.awt.windows.WToolkit, java.vm.info=mixed mode, java.version=1.8.0_202, java.ext.dirs=C:\Program Files (x86)\Java\jdk1.8.0_202\jre\lib\ext;C:\WINDOWS\Sun\Java\lib\ext, sun.boot.class.path=C:\Program Files (x86)\Java\jdk1.8.0_202\jre\lib\resources.jar;C:\Program Files (x86)\Java\jdk1.8.0_202\jre\lib\rt.jar;C:\Program Files (x86)\Java\jdk1.8.0_202\jre\lib\sunrsasign.jar;C:\Program Files (x86)\Java\jdk1.8.0_202\jre\lib\jsse.jar;C:\Program Files (x86)\Java\jdk1.8.0_202\jre\lib\jce.jar;C:\Program Files (x86)\Java\jdk1.8.0_202\jre\lib\charsets.jar;C:\Program Files (x86)\Java\jdk1.8.0_202\jre\lib\jfr.jar;C:\Program Files (x86)\Java\jdk1.8.0_202\jre\classes, java.vendor=Oracle Corporation, localRepository=D:\tool\repository, file.separator=\, java.vendor.url.bug=http://bugreport.sun.com/bugreport/, sun.io.unicode.encoding=UnicodeLittle, sun.cpu.endian=little, sun.desktop=windows, sun.cpu.isalist=amd64}}, SystemEnvironmentPropertySource@614685048 {name=&apos;systemEnvironment&apos;, properties={PATH=C:\Program Files (x86)\Common Files\Oracle\Java\javapath;C:\Windows\system32;C:\Windows;C:\Windows\System32\Wbem;C:\Windows\System32\WindowsPowerShell\v1.0\;C:\Program Files\NVIDIA Corporation\NVIDIA NGX;C:\Program Files (x86)\NVIDIA Corporation\PhysX\Common;C:\Program Files\OpenVPN\bin;C:\Program Files\NVIDIA Corporation\NVIDIA NvDLISR;C:\WINDOWS\system32;C:\WINDOWS;C:\WINDOWS\System32\Wbem;C:\WINDOWS\System32\WindowsPowerShell\v1.0\;C:\WINDOWS\System32\OpenSSH\;C:\Program Files\TortoiseGit\bin;C:\Program Files\Git\cmd;C:\Program Files (x86)\Java\apache-maven-3.6.0\bin;C:\Program Files\MySQL\MySQL Utilities 1.6\;C:\Users\Administrator\AppData\Local\Microsoft\WindowsApps;, USERDOMAIN_ROAMINGPROFILE=WIN10-811132010, LOCALAPPDATA=C:\Users\Administrator\AppData\Local, PROCESSOR_LEVEL=23, SYSTEMDRIVE=C:, COMMONPROGRAMFILES(X86)=C:\Program Files (x86)\Common Files, USERDOMAIN=WIN10-811132010, FPS_BROWSER_APP_PROFILE_STRING=Internet Explorer, LOGONSERVER=\\WIN10-811132010, PROMPT=$P$G, SESSIONNAME=Console, ALLUSERSPROFILE=C:\ProgramData, PROGRAMFILES(X86)=C:\Program Files (x86), PROCESSOR_ARCHITECTURE=AMD64, DRIVERDATA=C:\Windows\System32\Drivers\DriverData, PROGRAMFILES=C:\Program Files, APPDATA=C:\Users\Administrator\AppData\Roaming, PSMODULEPATH=C:\Program Files\WindowsPowerShell\Modules;C:\WINDOWS\system32\WindowsPowerShell\v1.0\Modules, PROGRAMW6432=C:\Program Files, PROGRAMDATA=C:\ProgramData, SYSTEMROOT=C:\WINDOWS, USERNAME=Administrator, FPS_BROWSER_USER_PROFILE_STRING=Default, ONEDRIVE=C:\Users\Administrator\OneDrive, PATHEXT=.COM;.EXE;.BAT;.CMD;.VBS;.VBE;.JS;.JSE;.WSF;.WSH;.MSC, OS=Windows_NT, COMMONPROGRAMW6432=C:\Program Files\Common Files, COMPUTERNAME=WIN10-811132010, COMMONPROGRAMFILES=C:\Program Files\Common Files, COMSPEC=C:\WINDOWS\system32\cmd.exe, PROCESSOR_REVISION=0802, WINDIR=C:\WINDOWS, =D:=D:\Study\basics\pluginunitbackstage, HOMEPATH=\Users\Administrator, TEMP=C:\Users\ADMINI~1\AppData\Local\Temp, HOMEDRIVE=C:, PROCESSOR_IDENTIFIER=AMD64 Family 23 Model 8 Stepping 2, AuthenticAMD, USERPROFILE=C:\Users\Administrator, TMP=C:\Users\ADMINI~1\AppData\Local\Temp, PUBLIC=C:\Users\Public, NUMBER_OF_PROCESSORS=16, =::=::\}}]
13:02:16.504 [main] DEBUG org.springframework.core.io.support.PathMatchingResourcePatternResolver - Resolved classpath location [com/basics/backstagetest/serviceTest/] to resources [URL [file:/D:/Study/basics/pluginunitbackstage/target/test-classes/com/basics/backstagetest/serviceTest/]]
13:02:16.504 [main] DEBUG org.springframework.core.io.support.PathMatchingResourcePatternResolver - Looking for matching resources in directory tree [D:\Study\basics\pluginunitbackstage\target\test-classes\com\basics\backstagetest\serviceTest]
13:02:16.504 [main] DEBUG org.springframework.core.io.support.PathMatchingResourcePatternResolver - Searching directory [D:\Study\basics\pluginunitbackstage\target\test-classes\com\basics\backstagetest\serviceTest] for files matching pattern [D:/Study/basics/pluginunitbackstage/target/test-classes/com/basics/backstagetest/serviceTest/*.class]
13:02:16.506 [main] DEBUG org.springframework.core.io.support.PathMatchingResourcePatternResolver - Resolved location pattern [classpath*:com/basics/backstagetest/serviceTest/*.class] to resources [file [D:\Study\basics\pluginunitbackstage\target\test-classes\com\basics\backstagetest\serviceTest\SysUserMapperTest.class]]
13:02:16.527 [main] DEBUG org.springframework.core.io.support.PathMatchingResourcePatternResolver - Resolved classpath location [com/basics/backstagetest/] to resources [URL [file:/D:/Study/basics/pluginunitbackstage/target/test-classes/com/basics/backstagetest/]]
13:02:16.528 [main] DEBUG org.springframework.core.io.support.PathMatchingResourcePatternResolver - Looking for matching resources in directory tree [D:\Study\basics\pluginunitbackstage\target\test-classes\com\basics\backstagetest]
13:02:16.528 [main] DEBUG org.springframework.core.io.support.PathMatchingResourcePatternResolver - Searching directory [D:\Study\basics\pluginunitbackstage\target\test-classes\com\basics\backstagetest] for files matching pattern [D:/Study/basics/pluginunitbackstage/target/test-classes/com/basics/backstagetest/*.class]
13:02:16.528 [main] DEBUG org.springframework.core.io.support.PathMatchingResourcePatternResolver - Resolved location pattern [classpath*:com/basics/backstagetest/*.class] to resources [file [D:\Study\basics\pluginunitbackstage\target\test-classes\com\basics\backstagetest\TestType.class]]
13:02:16.529 [main] DEBUG org.springframework.core.io.support.PathMatchingResourcePatternResolver - Resolved classpath location [com/basics/] to resources [URL [file:/D:/Study/basics/pluginunitbackstage/target/test-classes/com/basics/], URL [file:/D:/Study/basics/pluginunitbackstage/target/classes/com/basics/]]
13:02:16.529 [main] DEBUG org.springframework.core.io.support.PathMatchingResourcePatternResolver - Looking for matching resources in directory tree [D:\Study\basics\pluginunitbackstage\target\test-classes\com\basics]
13:02:16.529 [main] DEBUG org.springframework.core.io.support.PathMatchingResourcePatternResolver - Searching directory [D:\Study\basics\pluginunitbackstage\target\test-classes\com\basics] for files matching pattern [D:/Study/basics/pluginunitbackstage/target/test-classes/com/basics/*.class]
13:02:16.529 [main] DEBUG org.springframework.core.io.support.PathMatchingResourcePatternResolver - Looking for matching resources in directory tree [D:\Study\basics\pluginunitbackstage\target\classes\com\basics]
13:02:16.529 [main] DEBUG org.springframework.core.io.support.PathMatchingResourcePatternResolver - Searching directory [D:\Study\basics\pluginunitbackstage\target\classes\com\basics] for files matching pattern [D:/Study/basics/pluginunitbackstage/target/classes/com/basics/*.class]
13:02:16.530 [main] DEBUG org.springframework.core.io.support.PathMatchingResourcePatternResolver - Resolved location pattern [classpath*:com/basics/*.class] to resources [file [D:\Study\basics\pluginunitbackstage\target\classes\com\basics\Application.class]]
13:02:16.550 [main] DEBUG org.springframework.context.annotation.ClassPathScanningCandidateComponentProvider - Identified candidate component class: file [D:\Study\basics\pluginunitbackstage\target\classes\com\basics\Application.class]
13:02:16.551 [main] INFO org.springframework.boot.test.context.SpringBootTestContextBootstrapper - Found @SpringBootConfiguration com.basics.Application for test class com.basics.backstagetest.serviceTest.SysUserMapperTest
13:02:16.627 [main] DEBUG org.springframework.boot.test.context.SpringBootTestContextBootstrapper - @TestExecutionListeners is not present for class [com.basics.backstagetest.serviceTest.SysUserMapperTest]: using defaults.
13:02:16.628 [main] INFO org.springframework.boot.test.context.SpringBootTestContextBootstrapper - Loaded default TestExecutionListener class names from location [META-INF/spring.factories]: [org.springframework.boot.test.mock.mockito.MockitoTestExecutionListener, org.springframework.boot.test.mock.mockito.ResetMocksTestExecutionListener, org.springframework.boot.test.autoconfigure.restdocs.RestDocsTestExecutionListener, org.springframework.boot.test.autoconfigure.web.client.MockRestServiceServerResetTestExecutionListener, org.springframework.boot.test.autoconfigure.web.servlet.MockMvcPrintOnlyOnFailureTestExecutionListener, org.springframework.boot.test.autoconfigure.web.servlet.WebDriverTestExecutionListener, org.springframework.test.context.web.ServletTestExecutionListener, org.springframework.test.context.support.DirtiesContextBeforeModesTestExecutionListener, org.springframework.test.context.support.DependencyInjectionTestExecutionListener, org.springframework.test.context.support.DirtiesContextTestExecutionListener, org.springframework.test.context.transaction.TransactionalTestExecutionListener, org.springframework.test.context.jdbc.SqlScriptsTestExecutionListener]
13:02:16.634 [main] DEBUG org.springframework.boot.test.context.SpringBootTestContextBootstrapper - Skipping candidate TestExecutionListener [org.springframework.test.context.web.ServletTestExecutionListener] due to a missing dependency. Specify custom listener classes or make the default listener classes and their required dependencies available. Offending class: [javax/servlet/ServletContext]
13:02:16.641 [main] INFO org.springframework.boot.test.context.SpringBootTestContextBootstrapper - Using TestExecutionListeners: [org.springframework.test.context.support.DirtiesContextBeforeModesTestExecutionListener@747ddf94, org.springframework.boot.test.mock.mockito.MockitoTestExecutionListener@35e2d654, org.springframework.boot.test.autoconfigure.SpringBootDependencyInjectionTestExecutionListener@1bd4fdd, org.springframework.test.context.support.DirtiesContextTestExecutionListener@55183b20, org.springframework.test.context.transaction.TransactionalTestExecutionListener@4f83df68, org.springframework.test.context.jdbc.SqlScriptsTestExecutionListener@6cf0e0ba, org.springframework.boot.test.mock.mockito.ResetMocksTestExecutionListener@7d8995e, org.springframework.boot.test.autoconfigure.restdocs.RestDocsTestExecutionListener@130d63be, org.springframework.boot.test.autoconfigure.web.client.MockRestServiceServerResetTestExecutionListener@42a48628, org.springframework.boot.test.autoconfigure.web.servlet.MockMvcPrintOnlyOnFailureTestExecutionListener@293a5bf6, org.springframework.boot.test.autoconfigure.web.servlet.WebDriverTestExecutionListener@6aeb35e6]
13:02:16.642 [main] DEBUG org.springframework.test.annotation.ProfileValueUtils - Retrieved @ProfileValueSourceConfiguration [null] for test class [com.basics.backstagetest.serviceTest.SysUserMapperTest]
13:02:16.643 [main] DEBUG org.springframework.test.annotation.ProfileValueUtils - Retrieved ProfileValueSource type [class org.springframework.test.annotation.SystemProfileValueSource] for class [com.basics.backstagetest.serviceTest.SysUserMapperTest]
13:02:16.643 [main] DEBUG org.springframework.test.annotation.ProfileValueUtils - Retrieved @ProfileValueSourceConfiguration [null] for test class [com.basics.backstagetest.serviceTest.SysUserMapperTest]
13:02:16.643 [main] DEBUG org.springframework.test.annotation.ProfileValueUtils - Retrieved ProfileValueSource type [class org.springframework.test.annotation.SystemProfileValueSource] for class [com.basics.backstagetest.serviceTest.SysUserMapperTest]
13:02:16.647 [main] DEBUG org.springframework.test.context.support.AbstractDirtiesContextTestExecutionListener - Before test class: context [DefaultTestContext@7c7b252e testClass = SysUserMapperTest, testInstance = [null], testMethod = [null], testException = [null], mergedContextConfiguration = [MergedContextConfiguration@4d5d943d testClass = SysUserMapperTest, locations = &apos;{}&apos;, classes = &apos;{class com.basics.Application}&apos;, contextInitializerClasses = &apos;[]&apos;, activeProfiles = &apos;{}&apos;, propertySourceLocations = &apos;{}&apos;, propertySourceProperties = &apos;{org.springframework.boot.test.context.SpringBootTestContextBootstrapper=true}&apos;, contextCustomizers = set[org.springframework.boot.test.context.filter.ExcludeFilterContextCustomizer@12cdcf4, org.springframework.boot.test.json.DuplicateJsonObjectContextCustomizerFactory$DuplicateJsonObjectContextCustomizer@27f723, org.springframework.boot.test.mock.mockito.MockitoContextCustomizer@0, org.springframework.boot.test.web.client.TestRestTemplateContextCustomizer@6a1aab78, org.springframework.boot.test.autoconfigure.properties.PropertyMappingContextCustomizer@0, org.springframework.boot.test.autoconfigure.web.servlet.WebDriverContextCustomizerFactory$Customizer@28ac3dc3], contextLoader = &apos;org.springframework.boot.test.context.SpringBootContextLoader&apos;, parent = [null]], attributes = map[[empty]]], class annotated with @DirtiesContext [false] with mode [null].
13:02:16.647 [main] DEBUG org.springframework.test.annotation.ProfileValueUtils - Retrieved @ProfileValueSourceConfiguration [null] for test class [com.basics.backstagetest.serviceTest.SysUserMapperTest]
13:02:16.647 [main] DEBUG org.springframework.test.annotation.ProfileValueUtils - Retrieved ProfileValueSource type [class org.springframework.test.annotation.SystemProfileValueSource] for class [com.basics.backstagetest.serviceTest.SysUserMapperTest]
13:02:16.650 [main] DEBUG org.springframework.test.context.support.DependencyInjectionTestExecutionListener - Performing dependency injection for test context [[DefaultTestContext@7c7b252e testClass = SysUserMapperTest, testInstance = com.basics.backstagetest.serviceTest.SysUserMapperTest@78691363, testMethod = [null], testException = [null], mergedContextConfiguration = [MergedContextConfiguration@4d5d943d testClass = SysUserMapperTest, locations = &apos;{}&apos;, classes = &apos;{class com.basics.Application}&apos;, contextInitializerClasses = &apos;[]&apos;, activeProfiles = &apos;{}&apos;, propertySourceLocations = &apos;{}&apos;, propertySourceProperties = &apos;{org.springframework.boot.test.context.SpringBootTestContextBootstrapper=true}&apos;, contextCustomizers = set[org.springframework.boot.test.context.filter.ExcludeFilterContextCustomizer@12cdcf4, org.springframework.boot.test.json.DuplicateJsonObjectContextCustomizerFactory$DuplicateJsonObjectContextCustomizer@27f723, org.springframework.boot.test.mock.mockito.MockitoContextCustomizer@0, org.springframework.boot.test.web.client.TestRestTemplateContextCustomizer@6a1aab78, org.springframework.boot.test.autoconfigure.properties.PropertyMappingContextCustomizer@0, org.springframework.boot.test.autoconfigure.web.servlet.WebDriverContextCustomizerFactory$Customizer@28ac3dc3], contextLoader = &apos;org.springframework.boot.test.context.SpringBootContextLoader&apos;, parent = [null]], attributes = map[[empty]]]].
13:02:16.664 [main] DEBUG org.springframework.core.env.StandardEnvironment - Adding PropertySource &apos;systemProperties&apos; with lowest search precedence
13:02:16.664 [main] DEBUG org.springframework.core.env.StandardEnvironment - Adding PropertySource &apos;systemEnvironment&apos; with lowest search precedence
13:02:16.664 [main] DEBUG org.springframework.core.env.StandardEnvironment - Initialized StandardEnvironment with PropertySources [MapPropertySource@428566321 {name=&apos;systemProperties&apos;, properties={idea.version=2018.1, java.runtime.name=Java(TM) SE Runtime Environment, sun.boot.library.path=C:\Program Files (x86)\Java\jdk1.8.0_202\jre\bin, java.vm.version=25.202-b08, java.vm.vendor=Oracle Corporation, java.vendor.url=http://java.oracle.com/, path.separator=;, java.vm.name=Java HotSpot(TM) 64-Bit Server VM, file.encoding.pkg=sun.io, user.country=CN, user.script=, sun.java.launcher=SUN_STANDARD, sun.os.patch.level=, java.vm.specification.name=Java Virtual Machine Specification, user.dir=D:\Study\basics\pluginunitbackstage, java.runtime.version=1.8.0_202-b08, basedir=D:\Study\basics\pluginunitbackstage, java.awt.graphicsenv=sun.awt.Win32GraphicsEnvironment, java.endorsed.dirs=C:\Program Files (x86)\Java\jdk1.8.0_202\jre\lib\endorsed, os.arch=amd64, surefire.real.class.path=D:\Study\basics\pluginunitbackstage\target\surefire\surefirebooter8037866096173850463.jar, java.io.tmpdir=C:\Users\ADMINI~1\AppData\Local\Temp\, line.separator=
, java.vm.specification.vendor=Oracle Corporation, user.variant=, os.name=Windows 10, sun.jnu.encoding=GBK, java.library.path=C:\Program Files (x86)\Java\jdk1.8.0_202\jre\bin;C:\WINDOWS\Sun\Java\bin;C:\WINDOWS\system32;C:\WINDOWS;C:\Program Files (x86)\Common Files\Oracle\Java\javapath;C:\Windows\system32;C:\Windows;C:\Windows\System32\Wbem;C:\Windows\System32\WindowsPowerShell\v1.0\;C:\Program Files\NVIDIA Corporation\NVIDIA NGX;C:\Program Files (x86)\NVIDIA Corporation\PhysX\Common;C:\Program Files\OpenVPN\bin;C:\Program Files\NVIDIA Corporation\NVIDIA NvDLISR;C:\WINDOWS\system32;C:\WINDOWS;C:\WINDOWS\System32\Wbem;C:\WINDOWS\System32\WindowsPowerShell\v1.0\;C:\WINDOWS\System32\OpenSSH\;C:\Program Files\TortoiseGit\bin;C:\Program Files\Git\cmd;C:\Program Files (x86)\Java\apache-maven-3.6.0\bin;C:\Program Files\MySQL\MySQL Utilities 1.6\;C:\Users\Administrator\AppData\Local\Microsoft\WindowsApps;;., surefire.test.class.path=D:\Study\basics\pluginunitbackstage\target\test-classes;D:\Study\basics\pluginunitbackstage\target\classes;D:\tool\repository\org\springframework\boot\spring-boot-devtools\2.0.0.RELEASE\spring-boot-devtools-2.0.0.RELEASE.jar;D:\tool\repository\org\springframework\boot\spring-boot\2.0.0.RELEASE\spring-boot-2.0.0.RELEASE.jar;D:\tool\repository\org\springframework\spring-context\5.0.4.RELEASE\spring-context-5.0.4.RELEASE.jar;D:\tool\repository\org\springframework\boot\spring-boot-autoconfigure\2.0.0.RELEASE\spring-boot-autoconfigure-2.0.0.RELEASE.jar;D:\tool\repository\org\springframework\boot\spring-boot-starter-security\2.0.0.RELEASE\spring-boot-starter-security-2.0.0.RELEASE.jar;D:\tool\repository\org\springframework\boot\spring-boot-starter\2.0.0.RELEASE\spring-boot-starter-2.0.0.RELEASE.jar;D:\tool\repository\org\springframework\boot\spring-boot-starter-logging\2.0.0.RELEASE\spring-boot-starter-logging-2.0.0.RELEASE.jar;D:\tool\repository\ch\qos\logback\logback-classic\1.2.3\logback-classic-1.2.3.jar;D:\tool\repository\ch\qos\logback\logback-core\1.2.3\logback-core-1.2.3.jar;D:\tool\repository\org\apache\logging\log4j\log4j-to-slf4j\2.10.0\log4j-to-slf4j-2.10.0.jar;D:\tool\repository\org\apache\logging\log4j\log4j-api\2.10.0\log4j-api-2.10.0.jar;D:\tool\repository\org\slf4j\jul-to-slf4j\1.7.25\jul-to-slf4j-1.7.25.jar;D:\tool\repository\javax\annotation\javax.annotation-api\1.3.2\javax.annotation-api-1.3.2.jar;D:\tool\repository\org\yaml\snakeyaml\1.19\snakeyaml-1.19.jar;D:\tool\repository\org\springframework\spring-aop\5.0.4.RELEASE\spring-aop-5.0.4.RELEASE.jar;D:\tool\repository\org\springframework\spring-beans\5.0.4.RELEASE\spring-beans-5.0.4.RELEASE.jar;D:\tool\repository\org\springframework\security\spring-security-config\5.0.3.RELEASE\spring-security-config-5.0.3.RELEASE.jar;D:\tool\repository\org\springframework\security\spring-security-core\5.0.3.RELEASE\spring-security-core-5.0.3.RELEASE.jar;D:\tool\repository\org\springframework\security\spring-security-web\5.0.3.RELEASE\spring-security-web-5.0.3.RELEASE.jar;D:\tool\repository\org\springframework\spring-expression\5.0.4.RELEASE\spring-expression-5.0.4.RELEASE.jar;D:\tool\repository\org\springframework\spring-web\5.0.4.RELEASE\spring-web-5.0.4.RELEASE.jar;D:\tool\repository\org\springframework\boot\spring-boot-starter-test\2.0.0.RELEASE\spring-boot-starter-test-2.0.0.RELEASE.jar;D:\tool\repository\org\springframework\boot\spring-boot-test\2.0.0.RELEASE\spring-boot-test-2.0.0.RELEASE.jar;D:\tool\repository\org\springframework\boot\spring-boot-test-autoconfigure\2.0.0.RELEASE\spring-boot-test-autoconfigure-2.0.0.RELEASE.jar;D:\tool\repository\com\jayway\jsonpath\json-path\2.4.0\json-path-2.4.0.jar;D:\tool\repository\net\minidev\json-smart\2.3\json-smart-2.3.jar;D:\tool\repository\net\minidev\accessors-smart\1.2\accessors-smart-1.2.jar;D:\tool\repository\org\ow2\asm\asm\5.0.4\asm-5.0.4.jar;D:\tool\repository\org\slf4j\slf4j-api\1.7.25\slf4j-api-1.7.25.jar;D:\tool\repository\junit\junit\4.12\junit-4.12.jar;D:\tool\repository\org\assertj\assertj-core\3.9.1\assertj-core-3.9.1.jar;D:\tool\repository\org\mockito\mockito-core\2.15.0\mockito-core-2.15.0.jar;D:\tool\repository\net\bytebuddy\byte-buddy\1.7.9\byte-buddy-1.7.9.jar;D:\tool\repository\net\bytebuddy\byte-buddy-agent\1.7.9\byte-buddy-agent-1.7.9.jar;D:\tool\repository\org\objenesis\objenesis\2.6\objenesis-2.6.jar;D:\tool\repository\org\hamcrest\hamcrest-core\1.3\hamcrest-core-1.3.jar;D:\tool\repository\org\hamcrest\hamcrest-library\1.3\hamcrest-library-1.3.jar;D:\tool\repository\org\skyscreamer\jsonassert\1.5.0\jsonassert-1.5.0.jar;D:\tool\repository\com\vaadin\external\google\android-json\0.0.20131108.vaadin1\android-json-0.0.20131108.vaadin1.jar;D:\tool\repository\org\springframework\spring-core\5.0.4.RELEASE\spring-core-5.0.4.RELEASE.jar;D:\tool\repository\org\springframework\spring-jcl\5.0.4.RELEASE\spring-jcl-5.0.4.RELEASE.jar;D:\tool\repository\org\springframework\spring-test\5.0.4.RELEASE\spring-test-5.0.4.RELEASE.jar;D:\tool\repository\org\xmlunit\xmlunit-core\2.5.1\xmlunit-core-2.5.1.jar;D:\tool\repository\org\mybatis\spring\boot\mybatis-spring-boot-starter\2.0.0\mybatis-spring-boot-starter-2.0.0.jar;D:\tool\repository\org\springframework\boot\spring-boot-starter-jdbc\2.0.8.RELEASE\spring-boot-starter-jdbc-2.0.8.RELEASE.jar;D:\tool\repository\com\zaxxer\HikariCP\2.7.9\HikariCP-2.7.9.jar;D:\tool\repository\org\springframework\spring-jdbc\5.0.12.RELEASE\spring-jdbc-5.0.12.RELEASE.jar;D:\tool\repository\org\springframework\spring-tx\5.0.12.RELEASE\spring-tx-5.0.12.RELEASE.jar;D:\tool\repository\org\mybatis\spring\boot\mybatis-spring-boot-autoconfigure\2.0.0\mybatis-spring-boot-autoconfigure-2.0.0.jar;D:\tool\repository\org\mybatis\mybatis\3.5.0\mybatis-3.5.0.jar;D:\tool\repository\org\mybatis\mybatis-spring\2.0.0\mybatis-spring-2.0.0.jar;D:\tool\repository\mysql\mysql-connector-java\5.1.6\mysql-connector-java-5.1.6.jar;, java.specification.name=Java Platform API Specification, java.class.version=52.0, sun.management.compiler=HotSpot 64-Bit Tiered Compilers, maven.repo.local=D:\tool\repository, os.version=10.0, user.home=C:\Users\Administrator, user.timezone=Asia/Shanghai, java.awt.printerjob=sun.awt.windows.WPrinterJob, file.encoding=GBK, java.specification.version=1.8, java.class.path=D:\Study\basics\pluginunitbackstage\target\test-classes;D:\Study\basics\pluginunitbackstage\target\classes;D:\tool\repository\org\springframework\boot\spring-boot-devtools\2.0.0.RELEASE\spring-boot-devtools-2.0.0.RELEASE.jar;D:\tool\repository\org\springframework\boot\spring-boot\2.0.0.RELEASE\spring-boot-2.0.0.RELEASE.jar;D:\tool\repository\org\springframework\spring-context\5.0.4.RELEASE\spring-context-5.0.4.RELEASE.jar;D:\tool\repository\org\springframework\boot\spring-boot-autoconfigure\2.0.0.RELEASE\spring-boot-autoconfigure-2.0.0.RELEASE.jar;D:\tool\repository\org\springframework\boot\spring-boot-starter-security\2.0.0.RELEASE\spring-boot-starter-security-2.0.0.RELEASE.jar;D:\tool\repository\org\springframework\boot\spring-boot-starter\2.0.0.RELEASE\spring-boot-starter-2.0.0.RELEASE.jar;D:\tool\repository\org\springframework\boot\spring-boot-starter-logging\2.0.0.RELEASE\spring-boot-starter-logging-2.0.0.RELEASE.jar;D:\tool\repository\ch\qos\logback\logback-classic\1.2.3\logback-classic-1.2.3.jar;D:\tool\repository\ch\qos\logback\logback-core\1.2.3\logback-core-1.2.3.jar;D:\tool\repository\org\apache\logging\log4j\log4j-to-slf4j\2.10.0\log4j-to-slf4j-2.10.0.jar;D:\tool\repository\org\apache\logging\log4j\log4j-api\2.10.0\log4j-api-2.10.0.jar;D:\tool\repository\org\slf4j\jul-to-slf4j\1.7.25\jul-to-slf4j-1.7.25.jar;D:\tool\repository\javax\annotation\javax.annotation-api\1.3.2\javax.annotation-api-1.3.2.jar;D:\tool\repository\org\yaml\snakeyaml\1.19\snakeyaml-1.19.jar;D:\tool\repository\org\springframework\spring-aop\5.0.4.RELEASE\spring-aop-5.0.4.RELEASE.jar;D:\tool\repository\org\springframework\spring-beans\5.0.4.RELEASE\spring-beans-5.0.4.RELEASE.jar;D:\tool\repository\org\springframework\security\spring-security-config\5.0.3.RELEASE\spring-security-config-5.0.3.RELEASE.jar;D:\tool\repository\org\springframework\security\spring-security-core\5.0.3.RELEASE\spring-security-core-5.0.3.RELEASE.jar;D:\tool\repository\org\springframework\security\spring-security-web\5.0.3.RELEASE\spring-security-web-5.0.3.RELEASE.jar;D:\tool\repository\org\springframework\spring-expression\5.0.4.RELEASE\spring-expression-5.0.4.RELEASE.jar;D:\tool\repository\org\springframework\spring-web\5.0.4.RELEASE\spring-web-5.0.4.RELEASE.jar;D:\tool\repository\org\springframework\boot\spring-boot-starter-test\2.0.0.RELEASE\spring-boot-starter-test-2.0.0.RELEASE.jar;D:\tool\repository\org\springframework\boot\spring-boot-test\2.0.0.RELEASE\spring-boot-test-2.0.0.RELEASE.jar;D:\tool\repository\org\springframework\boot\spring-boot-test-autoconfigure\2.0.0.RELEASE\spring-boot-test-autoconfigure-2.0.0.RELEASE.jar;D:\tool\repository\com\jayway\jsonpath\json-path\2.4.0\json-path-2.4.0.jar;D:\tool\repository\net\minidev\json-smart\2.3\json-smart-2.3.jar;D:\tool\repository\net\minidev\accessors-smart\1.2\accessors-smart-1.2.jar;D:\tool\repository\org\ow2\asm\asm\5.0.4\asm-5.0.4.jar;D:\tool\repository\org\slf4j\slf4j-api\1.7.25\slf4j-api-1.7.25.jar;D:\tool\repository\junit\junit\4.12\junit-4.12.jar;D:\tool\repository\org\assertj\assertj-core\3.9.1\assertj-core-3.9.1.jar;D:\tool\repository\org\mockito\mockito-core\2.15.0\mockito-core-2.15.0.jar;D:\tool\repository\net\bytebuddy\byte-buddy\1.7.9\byte-buddy-1.7.9.jar;D:\tool\repository\net\bytebuddy\byte-buddy-agent\1.7.9\byte-buddy-agent-1.7.9.jar;D:\tool\repository\org\objenesis\objenesis\2.6\objenesis-2.6.jar;D:\tool\repository\org\hamcrest\hamcrest-core\1.3\hamcrest-core-1.3.jar;D:\tool\repository\org\hamcrest\hamcrest-library\1.3\hamcrest-library-1.3.jar;D:\tool\repository\org\skyscreamer\jsonassert\1.5.0\jsonassert-1.5.0.jar;D:\tool\repository\com\vaadin\external\google\android-json\0.0.20131108.vaadin1\android-json-0.0.20131108.vaadin1.jar;D:\tool\repository\org\springframework\spring-core\5.0.4.RELEASE\spring-core-5.0.4.RELEASE.jar;D:\tool\repository\org\springframework\spring-jcl\5.0.4.RELEASE\spring-jcl-5.0.4.RELEASE.jar;D:\tool\repository\org\springframework\spring-test\5.0.4.RELEASE\spring-test-5.0.4.RELEASE.jar;D:\tool\repository\org\xmlunit\xmlunit-core\2.5.1\xmlunit-core-2.5.1.jar;D:\tool\repository\org\mybatis\spring\boot\mybatis-spring-boot-starter\2.0.0\mybatis-spring-boot-starter-2.0.0.jar;D:\tool\repository\org\springframework\boot\spring-boot-starter-jdbc\2.0.8.RELEASE\spring-boot-starter-jdbc-2.0.8.RELEASE.jar;D:\tool\repository\com\zaxxer\HikariCP\2.7.9\HikariCP-2.7.9.jar;D:\tool\repository\org\springframework\spring-jdbc\5.0.12.RELEASE\spring-jdbc-5.0.12.RELEASE.jar;D:\tool\repository\org\springframework\spring-tx\5.0.12.RELEASE\spring-tx-5.0.12.RELEASE.jar;D:\tool\repository\org\mybatis\spring\boot\mybatis-spring-boot-autoconfigure\2.0.0\mybatis-spring-boot-autoconfigure-2.0.0.jar;D:\tool\repository\org\mybatis\mybatis\3.5.0\mybatis-3.5.0.jar;D:\tool\repository\org\mybatis\mybatis-spring\2.0.0\mybatis-spring-2.0.0.jar;D:\tool\repository\mysql\mysql-connector-java\5.1.6\mysql-connector-java-5.1.6.jar;, user.name=Administrator, java.vm.specification.version=1.8, sun.java.command=D:\Study\basics\pluginunitbackstage\target\surefire\surefirebooter8037866096173850463.jar D:\Study\basics\pluginunitbackstage\target\surefire\surefire9106947771531256838tmp D:\Study\basics\pluginunitbackstage\target\surefire\surefire_06269227761953368307tmp, java.home=C:\Program Files (x86)\Java\jdk1.8.0_202\jre, sun.arch.data.model=64, user.language=zh, java.specification.vendor=Oracle Corporation, awt.toolkit=sun.awt.windows.WToolkit, java.vm.info=mixed mode, java.version=1.8.0_202, java.ext.dirs=C:\Program Files (x86)\Java\jdk1.8.0_202\jre\lib\ext;C:\WINDOWS\Sun\Java\lib\ext, sun.boot.class.path=C:\Program Files (x86)\Java\jdk1.8.0_202\jre\lib\resources.jar;C:\Program Files (x86)\Java\jdk1.8.0_202\jre\lib\rt.jar;C:\Program Files (x86)\Java\jdk1.8.0_202\jre\lib\sunrsasign.jar;C:\Program Files (x86)\Java\jdk1.8.0_202\jre\lib\jsse.jar;C:\Program Files (x86)\Java\jdk1.8.0_202\jre\lib\jce.jar;C:\Program Files (x86)\Java\jdk1.8.0_202\jre\lib\charsets.jar;C:\Program Files (x86)\Java\jdk1.8.0_202\jre\lib\jfr.jar;C:\Program Files (x86)\Java\jdk1.8.0_202\jre\classes, java.vendor=Oracle Corporation, localRepository=D:\tool\repository, file.separator=\, java.vendor.url.bug=http://bugreport.sun.com/bugreport/, sun.io.unicode.encoding=UnicodeLittle, sun.cpu.endian=little, sun.desktop=windows, sun.cpu.isalist=amd64}}, SystemEnvironmentPropertySource@2087258327 {name=&apos;systemEnvironment&apos;, properties={PATH=C:\Program Files (x86)\Common Files\Oracle\Java\javapath;C:\Windows\system32;C:\Windows;C:\Windows\System32\Wbem;C:\Windows\System32\WindowsPowerShell\v1.0\;C:\Program Files\NVIDIA Corporation\NVIDIA NGX;C:\Program Files (x86)\NVIDIA Corporation\PhysX\Common;C:\Program Files\OpenVPN\bin;C:\Program Files\NVIDIA Corporation\NVIDIA NvDLISR;C:\WINDOWS\system32;C:\WINDOWS;C:\WINDOWS\System32\Wbem;C:\WINDOWS\System32\WindowsPowerShell\v1.0\;C:\WINDOWS\System32\OpenSSH\;C:\Program Files\TortoiseGit\bin;C:\Program Files\Git\cmd;C:\Program Files (x86)\Java\apache-maven-3.6.0\bin;C:\Program Files\MySQL\MySQL Utilities 1.6\;C:\Users\Administrator\AppData\Local\Microsoft\WindowsApps;, USERDOMAIN_ROAMINGPROFILE=WIN10-811132010, LOCALAPPDATA=C:\Users\Administrator\AppData\Local, PROCESSOR_LEVEL=23, SYSTEMDRIVE=C:, COMMONPROGRAMFILES(X86)=C:\Program Files (x86)\Common Files, USERDOMAIN=WIN10-811132010, FPS_BROWSER_APP_PROFILE_STRING=Internet Explorer, LOGONSERVER=\\WIN10-811132010, PROMPT=$P$G, SESSIONNAME=Console, ALLUSERSPROFILE=C:\ProgramData, PROGRAMFILES(X86)=C:\Program Files (x86), PROCESSOR_ARCHITECTURE=AMD64, DRIVERDATA=C:\Windows\System32\Drivers\DriverData, PROGRAMFILES=C:\Program Files, APPDATA=C:\Users\Administrator\AppData\Roaming, PSMODULEPATH=C:\Program Files\WindowsPowerShell\Modules;C:\WINDOWS\system32\WindowsPowerShell\v1.0\Modules, PROGRAMW6432=C:\Program Files, PROGRAMDATA=C:\ProgramData, SYSTEMROOT=C:\WINDOWS, USERNAME=Administrator, FPS_BROWSER_USER_PROFILE_STRING=Default, ONEDRIVE=C:\Users\Administrator\OneDrive, PATHEXT=.COM;.EXE;.BAT;.CMD;.VBS;.VBE;.JS;.JSE;.WSF;.WSH;.MSC, OS=Windows_NT, COMMONPROGRAMW6432=C:\Program Files\Common Files, COMPUTERNAME=WIN10-811132010, COMMONPROGRAMFILES=C:\Program Files\Common Files, COMSPEC=C:\WINDOWS\system32\cmd.exe, PROCESSOR_REVISION=0802, WINDIR=C:\WINDOWS, =D:=D:\Study\basics\pluginunitbackstage, HOMEPATH=\Users\Administrator, TEMP=C:\Users\ADMINI~1\AppData\Local\Temp, HOMEDRIVE=C:, PROCESSOR_IDENTIFIER=AMD64 Family 23 Model 8 Stepping 2, AuthenticAMD, USERPROFILE=C:\Users\Administrator, TMP=C:\Users\ADMINI~1\AppData\Local\Temp, PUBLIC=C:\Users\Public, NUMBER_OF_PROCESSORS=16, =::=::\}}]
13:02:16.667 [main] DEBUG org.springframework.test.context.support.TestPropertySourceUtils - Adding inlined properties to environment: {spring.jmx.enabled=false, org.springframework.boot.test.context.SpringBootTestContextBootstrapper=true, server.port=-1}
13:02:16.667 [main] DEBUG org.springframework.core.env.StandardEnvironment - Adding PropertySource &apos;Inlined Test Properties&apos; with highest search precedence

  .   ____          _            __ _ _
 /\\ / ___&apos;_ __ _ _(_)_ __  __ _ \ \ \ \
( ( )\___ | &apos;_ | &apos;_| | &apos;_ \/ _` | \ \ \ \
 \\/  ___)| |_)| | | | | || (_| |  ) ) ) )
  &apos;  |____| .__|_| |_|_| |_\__, | / / / /
 =========|_|==============|___/=/_/_/_/
 :: Spring Boot ::        (v2.0.0.RELEASE)

2019-03-30 13:02:16.843  INFO 788 --- [           main] c.b.b.serviceTest.SysUserMapperTest      : Starting SysUserMapperTest on WIN10-811132010 with PID 788 (started by Administrator in D:\Study\basics\pluginunitbackstage)
2019-03-30 13:02:16.844  INFO 788 --- [           main] c.b.b.serviceTest.SysUserMapperTest      : No active profile set, falling back to default profiles: default
2019-03-30 13:02:16.860  INFO 788 --- [           main] s.c.a.AnnotationConfigApplicationContext : Refreshing org.springframework.context.annotation.AnnotationConfigApplicationContext@2034b64c: startup date [Sat Mar 30 13:02:16 CST 2019]; root of context hierarchy
2019-03-30 13:02:17.883  INFO 788 --- [           main] c.b.b.serviceTest.SysUserMapperTest      : Started SysUserMapperTest in 1.214 seconds (JVM running for 1.811)
2019-03-30 13:02:17.952  INFO 788 --- [           main] com.zaxxer.hikari.HikariDataSource       : HikariPool-1 - Starting...
2019-03-30 13:02:18.121  INFO 788 --- [           main] com.zaxxer.hikari.pool.PoolBase          : HikariPool-1 - Driver does not support get/set network timeout for connections. (com.mysql.jdbc.JDBC4Connection.getNetworkTimeout()I)
2019-03-30 13:02:18.124  INFO 788 --- [           main] com.zaxxer.hikari.HikariDataSource       : HikariPool-1 - Start completed.
2019-03-30 13:02:18.128 DEBUG 788 --- [           main] c.b.mapper.SysUserMapper.addSysUser      : ==&gt;  Preparing: insert into sys_user (nickname,username,password,enabled) values (?,?,?,?) 
2019-03-30 13:02:18.143 DEBUG 788 --- [           main] c.b.mapper.SysUserMapper.addSysUser      : ==&gt; Parameters: �ܲ�(String), cc(String), ccpassword(String), true(Boolean)
2019-03-30 13:02:18.146 DEBUG 788 --- [           main] c.b.mapper.SysUserMapper.addSysUser      : &lt;==    Updates: 1
2019-03-30 13:02:18.148 DEBUG 788 --- [           main] c.b.mapper.SysUserMapper.addSysUser      : ==&gt;  Preparing: insert into sys_user (nickname,username,password,enabled) values (?,?,?,?) 
2019-03-30 13:02:18.148 DEBUG 788 --- [           main] c.b.mapper.SysUserMapper.addSysUser      : ==&gt; Parameters: �ֽ�(String), yj(String), yjpassword(String), true(Boolean)
2019-03-30 13:02:18.149 DEBUG 788 --- [           main] c.b.mapper.SysUserMapper.addSysUser      : &lt;==    Updates: 1
2019-03-30 13:02:18.150 DEBUG 788 --- [           main] c.b.mapper.SysUserMapper.addSysUser      : ==&gt;  Preparing: insert into sys_user (nickname,username,password,enabled) values (?,?,?,?) 
2019-03-30 13:02:18.150 DEBUG 788 --- [           main] c.b.mapper.SysUserMapper.addSysUser      : ==&gt; Parameters: ���(String), ld(String), ldpassword(String), true(Boolean)
2019-03-30 13:02:18.151 DEBUG 788 --- [           main] c.b.mapper.SysUserMapper.addSysUser      : &lt;==    Updates: 1
2019-03-30 13:02:18.152 DEBUG 788 --- [           main] com.basics.mapper.SysUserMapper.getAll   : ==&gt;  Preparing: select * from sys_user 
2019-03-30 13:02:18.153 DEBUG 788 --- [           main] com.basics.mapper.SysUserMapper.getAll   : ==&gt; Parameters: 
2019-03-30 13:02:18.163 DEBUG 788 --- [           main] com.basics.mapper.SysUserMapper.getAll   : &lt;==      Total: 6
</system-out>
  </testcase>
</testsuite>